<?xml version="1.0" encoding="UTF-8"?>
<!-- Generated by org.testng.reporters.JUnitReportReporter -->
<testsuite hostname="LAPTOP-DEVOPS01" failures="0" tests="1" name="mainsubject.Tstng" time="90.009" errors="0" timestamp="2022-03-15T21:24:43 IST" skipped="0">
  <testcase classname="mainsubject.Tstng" name="selectdeselect" time="90.009"/>
  <system-out/>
</testsuite> <!-- mainsubject.Tstng -->
