<?xml version="1.0" encoding="UTF-8"?>
<!-- Generated by org.testng.reporters.JUnitReportReporter -->
<testsuite hostname="LAPTOP-DEVOPS01" failures="0" tests="1" name="mainsubject.TC_002_EditEmployee" time="37.829" errors="0" timestamp="2022-03-15T22:13:09 IST" skipped="0">
  <testcase classname="mainsubject.TC_002_EditEmployee" name="editEmployee" time="37.829"/>
  <system-out/>
</testsuite> <!-- mainsubject.TC_002_EditEmployee -->
