<?xml version="1.0" encoding="UTF-8"?>
<!-- Generated by org.testng.reporters.JUnitReportReporter -->
<testsuite hostname="LAPTOP-DEVOPS01" failures="0" tests="1" name="mainNG.TC_002_EditEmployee" time="43.394" errors="0" timestamp="2022-03-16T21:42:33 IST" skipped="0">
  <testcase classname="mainNG.TC_002_EditEmployee" name="editEmployee" time="43.394"/>
  <system-out/>
</testsuite> <!-- mainNG.TC_002_EditEmployee -->
