<?xml version="1.0" encoding="UTF-8"?>
<!-- Generated by org.testng.reporters.JUnitReportReporter -->
<testsuite hostname="LAPTOP-DEVOPS01" failures="0" tests="3" name="mainNG.TC_004_AddEditDelete" time="40.226" errors="0" timestamp="2022-03-17T16:41:52 IST" skipped="0">
  <testcase classname="mainNG.TC_004_AddEditDelete" name="addEmployee" time="18.141"/>
  <system-out/>
  <testcase classname="mainNG.TC_004_AddEditDelete" name="editEmployee" time="11.887"/>
  <system-out/>
  <testcase classname="mainNG.TC_004_AddEditDelete" name="deleteEmployee" time="10.198"/>
  <system-out/>
</testsuite> <!-- mainNG.TC_004_AddEditDelete -->
